2023-11-17 02:05:24,428 - AbreConta: gus 100.0
2023-11-17 02:05:31,691 - AbreConta: gus 100
2023-11-17 02:05:43,568 - Saque: 70f368c31301d0dd0dc166451ec18b574998f689f240c97b06124e8ba0f35724 50.0
2023-11-17 02:05:46,516 - Saque: 70f368c31301d0dd0dc166451ec18b574998f689f240c97b06124e8ba0f35724 50
2023-11-17 02:05:58,918 - Saldo: 70f368c31301d0dd0dc166451ec18b574998f689f240c97b06124e8ba0f35724
2023-11-17 02:13:38,869 - Saque: 8e9196bd13fe31b9b521f4613cafbc468b0ecdec5b664c701b196b22d9b2e019 10000
2023-11-17 02:13:38,879 - Deposito: 8e9196bd13fe31b9b521f4613cafbc468b0ecdec5b664c701b196b22d9b2e019 1275.985564622074
2023-11-17 02:16:10,035 - AbreConta: 70f368c31301d0dd0dc166451ec18b574998f689f240c97b06124e8ba0f35724 10000
2023-11-17 02:16:14,601 - Saque: 70f368c31301d0dd0dc166451ec18b574998f689f240c97b06124e8ba0f35724 10000
2023-11-17 02:16:14,608 - Deposito: 70f368c31301d0dd0dc166451ec18b574998f689f240c97b06124e8ba0f35724 1328.5268749078793
2023-11-17 02:16:14,617 - Saldo: 70f368c31301d0dd0dc166451ec18b574998f689f240c97b06124e8ba0f35724
2023-11-17 02:16:54,961 - AbreConta: gus 10000
2023-11-17 02:16:59,192 - Saque: 70f368c31301d0dd0dc166451ec18b574998f689f240c97b06124e8ba0f35724 10000
2023-11-17 02:16:59,198 - Deposito: 70f368c31301d0dd0dc166451ec18b574998f689f240c97b06124e8ba0f35724 1585.2019822528675
2023-11-17 02:16:59,206 - Saldo: 70f368c31301d0dd0dc166451ec18b574998f689f240c97b06124e8ba0f35724
2023-11-17 02:18:05,089 - AbreConta: gus 10000
2023-11-17 02:18:05,098 - Saldo: 70f368c31301d0dd0dc166451ec18b574998f689f240c97b06124e8ba0f35724
2023-11-17 02:18:09,083 - Saque: 70f368c31301d0dd0dc166451ec18b574998f689f240c97b06124e8ba0f35724 10000
2023-11-17 02:18:09,090 - Deposito: 70f368c31301d0dd0dc166451ec18b574998f689f240c97b06124e8ba0f35724 1374.2200613295743
2023-11-17 02:18:09,100 - Saldo: 70f368c31301d0dd0dc166451ec18b574998f689f240c97b06124e8ba0f35724
2023-11-17 02:19:14,794 - AbreConta: gus 10000
2023-11-17 02:19:14,803 - Saldo: 70f368c31301d0dd0dc166451ec18b574998f689f240c97b06124e8ba0f35724
2023-11-17 02:19:18,567 - Saque: 70f368c31301d0dd0dc166451ec18b574998f689f240c97b06124e8ba0f35724 10000
2023-11-17 02:19:18,573 - Saldo: 70f368c31301d0dd0dc166451ec18b574998f689f240c97b06124e8ba0f35724
2023-11-17 02:19:18,579 - Deposito: 70f368c31301d0dd0dc166451ec18b574998f689f240c97b06124e8ba0f35724 1230.1403380897984
2023-11-17 02:19:18,589 - Saldo: 70f368c31301d0dd0dc166451ec18b574998f689f240c97b06124e8ba0f35724
2023-11-17 02:19:33,075 - AbreConta: gus 10000
2023-11-17 02:19:33,091 - Saldo: 70f368c31301d0dd0dc166451ec18b574998f689f240c97b06124e8ba0f35724
2023-11-17 02:19:37,014 - Saque: 70f368c31301d0dd0dc166451ec18b574998f689f240c97b06124e8ba0f35724 10000
2023-11-17 02:19:37,022 - Deposito: 70f368c31301d0dd0dc166451ec18b574998f689f240c97b06124e8ba0f35724 1298.2793617594
2023-11-17 02:19:37,029 - Saldo: 70f368c31301d0dd0dc166451ec18b574998f689f240c97b06124e8ba0f35724
2023-11-17 02:19:37,036 - Saldo: 70f368c31301d0dd0dc166451ec18b574998f689f240c97b06124e8ba0f35724
2023-11-17 02:19:50,738 - AbreConta: gus 10000
2023-11-17 02:19:50,744 - Saldo: 70f368c31301d0dd0dc166451ec18b574998f689f240c97b06124e8ba0f35724
2023-11-17 02:19:54,502 - Saque: 70f368c31301d0dd0dc166451ec18b574998f689f240c97b06124e8ba0f35724 10000
2023-11-17 02:19:54,509 - Deposito: 70f368c31301d0dd0dc166451ec18b574998f689f240c97b06124e8ba0f35724 1154.136021084788
2023-11-17 02:19:54,515 - Saldo: 70f368c31301d0dd0dc166451ec18b574998f689f240c97b06124e8ba0f35724
2023-11-17 02:20:14,436 - AbreConta: gus 10000
2023-11-17 02:20:14,445 - Saldo: 70f368c31301d0dd0dc166451ec18b574998f689f240c97b06124e8ba0f35724
2023-11-17 02:20:18,490 - Saque: 70f368c31301d0dd0dc166451ec18b574998f689f240c97b06124e8ba0f35724 10000
2023-11-17 02:20:18,495 - Deposito: 70f368c31301d0dd0dc166451ec18b574998f689f240c97b06124e8ba0f35724 1158
2023-11-17 02:20:18,500 - Saldo: 70f368c31301d0dd0dc166451ec18b574998f689f240c97b06124e8ba0f35724
2023-11-17 02:21:52,209 - AbreConta: gus 10000
2023-11-17 02:21:52,222 - Saldo: 70f368c31301d0dd0dc166451ec18b574998f689f240c97b06124e8ba0f35724
2023-11-17 02:21:57,292 - Saque: 70f368c31301d0dd0dc166451ec18b574998f689f240c97b06124e8ba0f35724 10000
2023-11-17 02:22:04,795 - AbreConta: gus 10000
2023-11-17 02:22:04,809 - Saldo: 70f368c31301d0dd0dc166451ec18b574998f689f240c97b06124e8ba0f35724
2023-11-17 02:22:08,988 - Saque: 70f368c31301d0dd0dc166451ec18b574998f689f240c97b06124e8ba0f35724 10000
2023-11-17 02:22:08,994 - Deposito: 70f368c31301d0dd0dc166451ec18b574998f689f240c97b06124e8ba0f35724 11387
2023-11-17 02:22:08,999 - Saldo: 70f368c31301d0dd0dc166451ec18b574998f689f240c97b06124e8ba0f35724
2023-11-17 02:22:17,047 - AbreConta: teste 10000
2023-11-17 02:22:17,069 - Saldo: 46070d4bf934fb0d4b06d9e2c46e346944e322444900a435d7d9a95e6d7435f5
2023-11-17 02:22:21,406 - Saque: 46070d4bf934fb0d4b06d9e2c46e346944e322444900a435d7d9a95e6d7435f5 10000
2023-11-17 02:22:21,415 - Deposito: 46070d4bf934fb0d4b06d9e2c46e346944e322444900a435d7d9a95e6d7435f5 11511
2023-11-17 02:22:21,422 - Saldo: 46070d4bf934fb0d4b06d9e2c46e346944e322444900a435d7d9a95e6d7435f5
2023-11-17 02:24:34,502 - AbreConta: teste 10000
2023-11-17 02:24:34,513 - Saldo: 46070d4bf934fb0d4b06d9e2c46e346944e322444900a435d7d9a95e6d7435f5
2023-11-17 02:24:40,510 - Saque: 46070d4bf934fb0d4b06d9e2c46e346944e322444900a435d7d9a95e6d7435f5 10000
2023-11-17 02:24:40,517 - Deposito: 46070d4bf934fb0d4b06d9e2c46e346944e322444900a435d7d9a95e6d7435f5 11331
2023-11-17 02:24:40,524 - Saldo: 46070d4bf934fb0d4b06d9e2c46e346944e322444900a435d7d9a95e6d7435f5
2023-11-17 02:26:22,955 - AbreConta: teste 10000
2023-11-17 02:26:22,967 - Saldo: 46070d4bf934fb0d4b06d9e2c46e346944e322444900a435d7d9a95e6d7435f5
2023-11-17 02:26:26,965 - Saque: 46070d4bf934fb0d4b06d9e2c46e346944e322444900a435d7d9a95e6d7435f5 10000
2023-11-17 02:26:26,974 - Deposito: 46070d4bf934fb0d4b06d9e2c46e346944e322444900a435d7d9a95e6d7435f5 11102
2023-11-17 02:26:26,981 - Saldo: 46070d4bf934fb0d4b06d9e2c46e346944e322444900a435d7d9a95e6d7435f5
2023-11-17 02:26:42,531 - AbreConta: teste 10000
2023-11-17 02:26:42,546 - Saldo: 46070d4bf934fb0d4b06d9e2c46e346944e322444900a435d7d9a95e6d7435f5
2023-11-17 02:26:47,182 - Saque: 46070d4bf934fb0d4b06d9e2c46e346944e322444900a435d7d9a95e6d7435f5 10000
2023-11-17 02:26:47,189 - Deposito: 46070d4bf934fb0d4b06d9e2c46e346944e322444900a435d7d9a95e6d7435f5 11062
2023-11-17 02:26:47,196 - Saldo: 46070d4bf934fb0d4b06d9e2c46e346944e322444900a435d7d9a95e6d7435f5
