2023-11-17 02:24:34,521 - Ticker: AAPL
2023-11-17 02:24:35,254 - Ticker: MSFT
2023-11-17 02:24:35,792 - Ticker: GOOG
2023-11-17 02:24:36,265 - Ticker: AMZN
2023-11-17 02:24:36,726 - Ticker: PETR4.SA
2023-11-17 02:24:37,248 - Ticker: VALE3.SA
2023-11-17 02:24:37,949 - Ticker: AAPL, NDaysAhead: 30
2023-11-17 02:24:38,338 - Ticker: MSFT, NDaysAhead: 30
2023-11-17 02:24:38,782 - Ticker: GOOG, NDaysAhead: 30
2023-11-17 02:24:39,266 - Ticker: AMZN, NDaysAhead: 30
2023-11-17 02:24:39,702 - Ticker: PETR4.SA, NDaysAhead: 30
2023-11-17 02:24:40,064 - Ticker: VALE3.SA, NDaysAhead: 30
2023-11-17 02:26:22,974 - Ticker: AAPL
2023-11-17 02:26:23,273 - Ticker: MSFT
2023-11-17 02:26:23,599 - Ticker: GOOG
2023-11-17 02:26:23,841 - Ticker: AMZN
2023-11-17 02:26:24,090 - Ticker: PETR4.SA
2023-11-17 02:26:24,401 - Ticker: VALE3.SA
2023-11-17 02:26:24,743 - Ticker: AAPL, NDaysAhead: 30
2023-11-17 02:26:25,110 - Ticker: MSFT, NDaysAhead: 30
2023-11-17 02:26:25,554 - Ticker: GOOG, NDaysAhead: 30
2023-11-17 02:26:25,863 - Ticker: AMZN, NDaysAhead: 30
2023-11-17 02:26:26,217 - Ticker: PETR4.SA, NDaysAhead: 30
2023-11-17 02:26:26,645 - Ticker: VALE3.SA, NDaysAhead: 30
2023-11-17 02:26:42,552 - Ticker: AAPL
2023-11-17 02:26:42,900 - Ticker: MSFT
2023-11-17 02:26:43,205 - Ticker: GOOG
2023-11-17 02:26:43,499 - Ticker: AMZN
2023-11-17 02:26:43,774 - Ticker: PETR4.SA
2023-11-17 02:26:44,096 - Ticker: VALE3.SA
2023-11-17 02:26:44,483 - Ticker: AAPL, NDaysAhead: 30
2023-11-17 02:26:44,973 - Ticker: MSFT, NDaysAhead: 30
2023-11-17 02:26:45,356 - Ticker: GOOG, NDaysAhead: 30
2023-11-17 02:26:46,067 - Ticker: AMZN, NDaysAhead: 30
2023-11-17 02:26:46,428 - Ticker: PETR4.SA, NDaysAhead: 30
2023-11-17 02:26:46,819 - Ticker: VALE3.SA, NDaysAhead: 30
